<?xml version="1.0" encoding="UTF-8"?>
<!-- Generated by org.testng.reporters.JUnitReportReporter -->
<testsuite hostname="Ambu" failures="0" tests="3" name="anotherTestPack.VerifyPractiseSiteFunctionality" time="49.147" errors="0" timestamp="2022-10-23T15:39:48 IST" skipped="1">
  <testcase classname="anotherTestPack.VerifyPractiseSiteFunctionality" name="verifySeleniumtutorial" time="21.533"/>
  <system-out/>
  <testcase classname="anotherTestPack.VerifyPractiseSiteFunctionality" name="verifyKatalontutorial" time="27.614"/>
  <system-out/>
  <testcase classname="anotherTestPack.VerifyPractiseSiteFunctionality" name="verifymyAccount">
    <skipped/>
  </testcase> <!-- verifymyAccount -->
  <system-out/>
</testsuite> <!-- anotherTestPack.VerifyPractiseSiteFunctionality -->
