<?xml version="1.0" encoding="UTF-8"?>
<!-- Generated by org.testng.reporters.JUnitReportReporter -->
<testsuite hostname="Ambu" failures="0" tests="4" name="TestPackage.VerifyFramesFunctionalityTestNg" time="102.481" errors="0" timestamp="2022-11-02T13:59:14 IST" skipped="0">
  <testcase classname="TestPackage.VerifyFramesFunctionalityTestNg" name="verifySingleFrameFubctionality" time="23.120"/>
  <system-out/>
  <testcase classname="TestPackage.VerifyFramesFunctionalityTestNg" name="verifySingleFrameFubctionality" time="33.111"/>
  <system-out/>
  <testcase classname="TestPackage.VerifyFramesFunctionalityTestNg" name="verifyMutipleFramesFunctionality" time="35.165"/>
  <system-out/>
  <testcase classname="TestPackage.VerifyFramesFunctionalityTestNg" name="verifyMutipleFramesFunctionality" time="11.085"/>
  <system-out/>
</testsuite> <!-- TestPackage.VerifyFramesFunctionalityTestNg -->
