<?xml version="1.0" encoding="UTF-8"?>
<!-- Generated by org.testng.reporters.JUnitReportReporter -->
<testsuite hostname="Ambu" failures="0" tests="3" name="TestPackage.VerifyMyAccount" time="224.113" errors="0" timestamp="2022-10-17T15:47:47 IST" skipped="1">
  <testcase classname="TestPackage.VerifyMyAccount" name="verifySeleniumtutorial" time="160.084"/>
  <system-out/>
  <testcase classname="TestPackage.VerifyMyAccount" name="verifyKatalontutorial" time="64.029"/>
  <system-out/>
  <testcase classname="TestPackage.VerifyMyAccount" name="verifymyAccount">
    <skipped/>
  </testcase> <!-- verifymyAccount -->
  <system-out/>
</testsuite> <!-- TestPackage.VerifyMyAccount -->
