<?xml version="1.0" encoding="UTF-8"?>
<!-- Generated by org.testng.reporters.JUnitReportReporter -->
<testsuite hostname="Ambu" failures="0" tests="1" name="TestPackage.TestIndexClass" time="0.001" errors="0" timestamp="2022-10-29T17:53:32 IST" skipped="0">
  <testcase classname="TestPackage.TestIndexClass" name="test" time="0.001"/>
  <system-out/>
</testsuite> <!-- TestPackage.TestIndexClass -->
