<?xml version="1.0" encoding="UTF-8"?>
<!-- Generated by org.testng.reporters.JUnitReportReporter -->
<testsuite hostname="Ambu" failures="0" tests="2" name="TestPackage.VerifyRegisterFunctionality" time="153.724" errors="0" timestamp="2022-10-17T15:36:42 IST" skipped="0">
  <testcase classname="TestPackage.VerifyRegisterFunctionality" name="PersonalInfo" time="52.984"/>
  <system-out/>
  <testcase classname="TestPackage.VerifyRegisterFunctionality" name="verifyYoutubeVedioPlay" time="100.740"/>
  <system-out/>
</testsuite> <!-- TestPackage.VerifyRegisterFunctionality -->
