<?xml version="1.0" encoding="UTF-8"?>
<!-- Generated by org.testng.reporters.JUnitReportReporter -->
<testsuite hostname="Ambu" failures="0" tests="1" name="TestPackage.PractiseSiteTest" time="16.977" errors="0" timestamp="2022-10-16T15:02:57 IST" skipped="0">
  <testcase classname="TestPackage.PractiseSiteTest" name="atSite" time="16.977"/>
  <system-out/>
</testsuite> <!-- TestPackage.PractiseSiteTest -->
